openssl.tcz
openssl-1.1.1.tcz
openssh.tcz
screen.tcz
libattr.tcz
attr.tcz
attr-dev.tcz
popt.tcz
logrotate.tcz
rsync.tcz
rsync.tcz
libelf.tcz
iptables.tcz
libacl.tcz
iproute2.tcz
libevent.tcz
liblzma.tcz
libcap.tcz
ntp.tcz
vim.tcz
coreutils.tcz
cpulimit.tcz
ca-certificates.tcz
libasound.tcz
sox.tcz
alsa-modules-6.1.68-piCore-v7.tcz
ipv6-netfilter-6.1.68-piCore-v7.tcz
wireguard-6.1.68-piCore-v7.tcz
wireguard-tools.tcz
usb-serial-6.1.68-piCore-v7.tcz
alsa.tcz
alsa-utils.tcz
syncthing.tcz
python3.11.tcz
gpsd-3.25.tcz
conservify-glacier-tools.tcz
